-------------------------------------------
..............................*
optimization finished, #iter = 30180
nu = 0.110222
obj = -126.215700, rho = -0.677236
nSV = 21900, nBSV = 21767
.............................*
optimization finished, #iter = 29658
nu = 0.110807
obj = -126.967251, rho = -0.678349
nSV = 22038, nBSV = 21880
...........................*
optimization finished, #iter = 27626
nu = 0.110636
obj = -125.813856, rho = -0.682610
nSV = 22000, nBSV = 21852
.............................*
optimization finished, #iter = 29591
nu = 0.110993
obj = -126.645606, rho = -0.681213
nSV = 22068, nBSV = 21919
..............................*
optimization finished, #iter = 30034
nu = 0.110624
obj = -125.755999, rho = -0.683896
nSV = 22008, nBSV = 21852
Cross Validation Mean squared error = 0.00659834
Cross Validation Squared correlation coefficient = 0.948846
-------------------------------------------
......................................................................................*
optimization finished, #iter = 86132
nu = 0.073347
obj = -971.077161, rho = -1.369026
nSV = 14614, nBSV = 14461
......................................................................................*
optimization finished, #iter = 86303
nu = 0.074120
obj = -977.873220, rho = -1.367090
nSV = 14769, nBSV = 14606
.................